---------------------------------------
Begin Slurm Prolog: Apr-16-2026 01:20:29
Job ID:    4895816
User ID:   hhu349
Account:   ece
Job name:  soccerstwos
Partition: pace-cpu
QOS:       coe-ice
---------------------------------------
/var/lib/slurm/slurmd/job4895816/slurm_script: line 18: /home/hice1/hhu349/.conda/etc/profile.d/conda.sh: No such file or directory

CondaError: Run 'conda init' before 'conda activate'

/home/hice1/hhu349/.conda/envs/soccertwos/lib/python3.8/site-packages/ray/autoscaler/_private/cli_logger.py:57: FutureWarning: Not all Ray CLI dependencies were found. In Ray 1.4+, the Ray CLI, autoscaler, and dashboard will only be usable via `pip install 'ray[default]'`. Please update your install command.
  warnings.warn(
2026-04-16 01:20:49,446	INFO services.py:1272 -- View the Ray dashboard at [1m[32mhttp://127.0.0.1:8267[39m[22m
2026-04-16 01:20:57,258	WARNING worker.py:1114 -- The agent on node atl1-1-03-007-26-1.pace.gatech.edu failed with the following error:
Traceback (most recent call last):
  File "/home/hice1/hhu349/.conda/envs/soccertwos/lib/python3.8/site-packages/ray/new_dashboard/agent.py", line 326, in <module>
    loop.run_until_complete(agent.run())
  File "/home/hice1/hhu349/.conda/envs/soccertwos/lib/python3.8/asyncio/base_events.py", line 616, in run_until_complete
    return future.result()
  File "/home/hice1/hhu349/.conda/envs/soccertwos/lib/python3.8/site-packages/ray/new_dashboard/agent.py", line 138, in run
    modules = self._load_modules()
  File "/home/hice1/hhu349/.conda/envs/soccertwos/lib/python3.8/site-packages/ray/new_dashboard/agent.py", line 92, in _load_modules
    c = cls(self)
  File "/home/hice1/hhu349/.conda/envs/soccertwos/lib/python3.8/site-packages/ray/new_dashboard/modules/reporter/reporter_agent.py", line 148, in __init__
    self._metrics_agent = MetricsAgent(dashboard_agent.metrics_export_port)
  File "/home/hice1/hhu349/.conda/envs/soccertwos/lib/python3.8/site-packages/ray/_private/metrics_agent.py", line 75, in __init__
    prometheus_exporter.new_stats_exporter(
  File "/home/hice1/hhu349/.conda/envs/soccertwos/lib/python3.8/site-packages/ray/_private/prometheus_exporter.py", line 333, in new_stats_exporter
    exporter = PrometheusStatsExporter(
  File "/home/hice1/hhu349/.conda/envs/soccertwos/lib/python3.8/site-packages/ray/_private/prometheus_exporter.py", line 266, in __init__
    self.serve_http()
  File "/home/hice1/hhu349/.conda/envs/soccertwos/lib/python3.8/site-packages/ray/_private/prometheus_exporter.py", line 320, in serve_http
    start_http_server(
  File "/home/hice1/hhu349/.conda/envs/soccertwos/lib/python3.8/site-packages/prometheus_client/exposition.py", line 231, in start_wsgi_server
    TmpServer.address_family, addr = _get_best_family(addr, port)
  File "/home/hice1/hhu349/.conda/envs/soccertwos/lib/python3.8/site-packages/prometheus_client/exposition.py", line 169, in _get_best_family
    infos = socket.getaddrinfo(address, port, type=socket.SOCK_STREAM, flags=socket.AI_PASSIVE)
  File "/home/hice1/hhu349/.conda/envs/soccertwos/lib/python3.8/socket.py", line 930, in getaddrinfo
    for res in _socket.getaddrinfo(host, port, family, type, proto, flags):
socket.gaierror: [Errno -2] Name or service not known

[2m[33m(raylet)[0m Traceback (most recent call last):
[2m[33m(raylet)[0m   File "/home/hice1/hhu349/.conda/envs/soccertwos/lib/python3.8/site-packages/ray/new_dashboard/agent.py", line 338, in <module>
[2m[33m(raylet)[0m     raise e
[2m[33m(raylet)[0m   File "/home/hice1/hhu349/.conda/envs/soccertwos/lib/python3.8/site-packages/ray/new_dashboard/agent.py", line 326, in <module>
[2m[33m(raylet)[0m     loop.run_until_complete(agent.run())
[2m[33m(raylet)[0m   File "/home/hice1/hhu349/.conda/envs/soccertwos/lib/python3.8/asyncio/base_events.py", line 616, in run_until_complete
[2m[33m(raylet)[0m     return future.result()
[2m[33m(raylet)[0m   File "/home/hice1/hhu349/.conda/envs/soccertwos/lib/python3.8/site-packages/ray/new_dashboard/agent.py", line 138, in run
[2m[33m(raylet)[0m     modules = self._load_modules()
[2m[33m(raylet)[0m   File "/home/hice1/hhu349/.conda/envs/soccertwos/lib/python3.8/site-packages/ray/new_dashboard/agent.py", line 92, in _load_modules
[2m[33m(raylet)[0m     c = cls(self)
[2m[33m(raylet)[0m   File "/home/hice1/hhu349/.conda/envs/soccertwos/lib/python3.8/site-packages/ray/new_dashboard/modules/reporter/reporter_agent.py", line 148, in __init__
[2m[33m(raylet)[0m     self._metrics_agent = MetricsAgent(dashboard_agent.metrics_export_port)
[2m[33m(raylet)[0m   File "/home/hice1/hhu349/.conda/envs/soccertwos/lib/python3.8/site-packages/ray/_private/metrics_agent.py", line 75, in __init__
[2m[33m(raylet)[0m     prometheus_exporter.new_stats_exporter(
[2m[33m(raylet)[0m   File "/home/hice1/hhu349/.conda/envs/soccertwos/lib/python3.8/site-packages/ray/_private/prometheus_exporter.py", line 333, in new_stats_exporter
[2m[33m(raylet)[0m     exporter = PrometheusStatsExporter(
[2m[33m(raylet)[0m   File "/home/hice1/hhu349/.conda/envs/soccertwos/lib/python3.8/site-packages/ray/_private/prometheus_exporter.py", line 266, in __init__
[2m[33m(raylet)[0m     self.serve_http()
[2m[33m(raylet)[0m   File "/home/hice1/hhu349/.conda/envs/soccertwos/lib/python3.8/site-packages/ray/_private/prometheus_exporter.py", line 320, in serve_http
[2m[33m(raylet)[0m     start_http_server(
[2m[33m(raylet)[0m   File "/home/hice1/hhu349/.conda/envs/soccertwos/lib/python3.8/site-packages/prometheus_client/exposition.py", line 231, in start_wsgi_server
[2m[33m(raylet)[0m     TmpServer.address_family, addr = _get_best_family(addr, port)
[2m[33m(raylet)[0m   File "/home/hice1/hhu349/.conda/envs/soccertwos/lib/python3.8/site-packages/prometheus_client/exposition.py", line 169, in _get_best_family
[2m[33m(raylet)[0m     infos = socket.getaddrinfo(address, port, type=socket.SOCK_STREAM, flags=socket.AI_PASSIVE)
[2m[33m(raylet)[0m   File "/home/hice1/hhu349/.conda/envs/soccertwos/lib/python3.8/socket.py", line 930, in getaddrinfo
[2m[33m(raylet)[0m     for res in _socket.getaddrinfo(host, port, family, type, proto, flags):
[2m[33m(raylet)[0m socket.gaierror: [Errno -2] Name or service not known
[2m[33m(raylet)[0m /home/hice1/hhu349/.conda/envs/soccertwos/lib/python3.8/site-packages/ray/autoscaler/_private/cli_logger.py:57: FutureWarning: Not all Ray CLI dependencies were found. In Ray 1.4+, the Ray CLI, autoscaler, and dashboard will only be usable via `pip install 'ray[default]'`. Please update your install command.
[2m[33m(raylet)[0m   warnings.warn(
[2m[36m(pid=1967782)[0m 2026-04-16 01:21:01,478	WARNING ppo.py:135 -- `train_batch_size` (4000) cannot be achieved with your other settings (num_workers=8 num_envs_per_worker=5 rollout_fragment_length=500)! Auto-adjusting `rollout_fragment_length` to 100.
2026-04-16 01:21:01,734	WARNING worker.py:1114 -- The agent on node atl1-1-03-007-26-1.pace.gatech.edu failed with the following error:
Traceback (most recent call last):
  File "/home/hice1/hhu349/.conda/envs/soccertwos/lib/python3.8/site-packages/ray/new_dashboard/agent.py", line 326, in <module>
    loop.run_until_complete(agent.run())
  File "/home/hice1/hhu349/.conda/envs/soccertwos/lib/python3.8/asyncio/base_events.py", line 616, in run_until_complete
    return future.result()
  File "/home/hice1/hhu349/.conda/envs/soccertwos/lib/python3.8/site-packages/ray/new_dashboard/agent.py", line 138, in run
    modules = self._load_modules()
  File "/home/hice1/hhu349/.conda/envs/soccertwos/lib/python3.8/site-packages/ray/new_dashboard/agent.py", line 92, in _load_modules
    c = cls(self)
  File "/home/hice1/hhu349/.conda/envs/soccertwos/lib/python3.8/site-packages/ray/new_dashboard/modules/reporter/reporter_agent.py", line 148, in __init__
    self._metrics_agent = MetricsAgent(dashboard_agent.metrics_export_port)
  File "/home/hice1/hhu349/.conda/envs/soccertwos/lib/python3.8/site-packages/ray/_private/metrics_agent.py", line 75, in __init__
    prometheus_exporter.new_stats_exporter(
  File "/home/hice1/hhu349/.conda/envs/soccertwos/lib/python3.8/site-packages/ray/_private/prometheus_exporter.py", line 333, in new_stats_exporter
    exporter = PrometheusStatsExporter(
  File "/home/hice1/hhu349/.conda/envs/soccertwos/lib/python3.8/site-packages/ray/_private/prometheus_exporter.py", line 266, in __init__
    self.serve_http()
  File "/home/hice1/hhu349/.conda/envs/soccertwos/lib/python3.8/site-packages/ray/_private/prometheus_exporter.py", line 320, in serve_http
    start_http_server(
  File "/home/hice1/hhu349/.conda/envs/soccertwos/lib/python3.8/site-packages/prometheus_client/exposition.py", line 231, in start_wsgi_server
    TmpServer.address_family, addr = _get_best_family(addr, port)
  File "/home/hice1/hhu349/.conda/envs/soccertwos/lib/python3.8/site-packages/prometheus_client/exposition.py", line 169, in _get_best_family
    infos = socket.getaddrinfo(address, port, type=socket.SOCK_STREAM, flags=socket.AI_PASSIVE)
  File "/home/hice1/hhu349/.conda/envs/soccertwos/lib/python3.8/socket.py", line 930, in getaddrinfo
    for res in _socket.getaddrinfo(host, port, family, type, proto, flags):
socket.gaierror: [Errno -2] Name or service not known

[2m[33m(raylet)[0m Traceback (most recent call last):
[2m[33m(raylet)[0m   File "/home/hice1/hhu349/.conda/envs/soccertwos/lib/python3.8/site-packages/ray/new_dashboard/agent.py", line 338, in <module>
[2m[33m(raylet)[0m     raise e
[2m[33m(raylet)[0m   File "/home/hice1/hhu349/.conda/envs/soccertwos/lib/python3.8/site-packages/ray/new_dashboard/agent.py", line 326, in <module>
[2m[33m(raylet)[0m     loop.run_until_complete(agent.run())
[2m[33m(raylet)[0m   File "/home/hice1/hhu349/.conda/envs/soccertwos/lib/python3.8/asyncio/base_events.py", line 616, in run_until_complete
[2m[33m(raylet)[0m     return future.result()
[2m[33m(raylet)[0m   File "/home/hice1/hhu349/.conda/envs/soccertwos/lib/python3.8/site-packages/ray/new_dashboard/agent.py", line 138, in run
[2m[33m(raylet)[0m     modules = self._load_modules()
[2m[33m(raylet)[0m   File "/home/hice1/hhu349/.conda/envs/soccertwos/lib/python3.8/site-packages/ray/new_dashboard/agent.py", line 92, in _load_modules
[2m[33m(raylet)[0m     c = cls(self)
[2m[33m(raylet)[0m   File "/home/hice1/hhu349/.conda/envs/soccertwos/lib/python3.8/site-packages/ray/new_dashboard/modules/reporter/reporter_agent.py", line 148, in __init__
[2m[33m(raylet)[0m     self._metrics_agent = MetricsAgent(dashboard_agent.metrics_export_port)
[2m[33m(raylet)[0m   File "/home/hice1/hhu349/.conda/envs/soccertwos/lib/python3.8/site-packages/ray/_private/metrics_agent.py", line 75, in __init__
[2m[33m(raylet)[0m     prometheus_exporter.new_stats_exporter(
[2m[33m(raylet)[0m   File "/home/hice1/hhu349/.conda/envs/soccertwos/lib/python3.8/site-packages/ray/_private/prometheus_exporter.py", line 333, in new_stats_exporter
[2m[33m(raylet)[0m     exporter = PrometheusStatsExporter(
[2m[33m(raylet)[0m   File "/home/hice1/hhu349/.conda/envs/soccertwos/lib/python3.8/site-packages/ray/_private/prometheus_exporter.py", line 266, in __init__
[2m[33m(raylet)[0m     self.serve_http()
[2m[33m(raylet)[0m   File "/home/hice1/hhu349/.conda/envs/soccertwos/lib/python3.8/site-packages/ray/_private/prometheus_exporter.py", line 320, in serve_http
[2m[33m(raylet)[0m     start_http_server(
[2m[33m(raylet)[0m   File "/home/hice1/hhu349/.conda/envs/soccertwos/lib/python3.8/site-packages/prometheus_client/exposition.py", line 231, in start_wsgi_server
[2m[33m(raylet)[0m     TmpServer.address_family, addr = _get_best_family(addr, port)
[2m[33m(raylet)[0m   File "/home/hice1/hhu349/.conda/envs/soccertwos/lib/python3.8/site-packages/prometheus_client/exposition.py", line 169, in _get_best_family
[2m[33m(raylet)[0m     infos = socket.getaddrinfo(address, port, type=socket.SOCK_STREAM, flags=socket.AI_PASSIVE)
[2m[33m(raylet)[0m   File "/home/hice1/hhu349/.conda/envs/soccertwos/lib/python3.8/socket.py", line 930, in getaddrinfo
[2m[33m(raylet)[0m     for res in _socket.getaddrinfo(host, port, family, type, proto, flags):
[2m[33m(raylet)[0m socket.gaierror: [Errno -2] Name or service not known
[2m[33m(raylet)[0m /home/hice1/hhu349/.conda/envs/soccertwos/lib/python3.8/site-packages/ray/autoscaler/_private/cli_logger.py:57: FutureWarning: Not all Ray CLI dependencies were found. In Ray 1.4+, the Ray CLI, autoscaler, and dashboard will only be usable via `pip install 'ray[default]'`. Please update your install command.
[2m[33m(raylet)[0m   warnings.warn(
[2m[36m(pid=1967774)[0m 2026-04-16 01:21:08,792	ERROR worker.py:409 -- Exception raised in creation task: The actor died because of an error raised in its creation task, [36mray::RolloutWorker.__init__()[39m (pid=1967774, ip=172.27.149.234)
[2m[36m(pid=1967774)[0m OSError: [Errno 98] Address already in use
[2m[36m(pid=1967774)[0m 
[2m[36m(pid=1967774)[0m During handling of the above exception, another exception occurred:
[2m[36m(pid=1967774)[0m 
[2m[36m(pid=1967774)[0m [36mray::RolloutWorker.__init__()[39m (pid=1967774, ip=172.27.149.234)
[2m[36m(pid=1967774)[0m   File "python/ray/_raylet.pyx", line 490, in ray._raylet.execute_task
[2m[36m(pid=1967774)[0m   File "python/ray/_raylet.pyx", line 497, in ray._raylet.execute_task
[2m[36m(pid=1967774)[0m   File "python/ray/_raylet.pyx", line 501, in ray._raylet.execute_task
[2m[36m(pid=1967774)[0m   File "python/ray/_raylet.pyx", line 451, in ray._raylet.execute_task.function_executor
[2m[36m(pid=1967774)[0m   File "/home/hice1/hhu349/.conda/envs/soccertwos/lib/python3.8/site-packages/ray/_private/function_manager.py", line 563, in actor_method_executor
[2m[36m(pid=1967774)[0m     return method(__ray_actor, *args, **kwargs)
[2m[36m(pid=1967774)[0m   File "/home/hice1/hhu349/.conda/envs/soccertwos/lib/python3.8/site-packages/ray/rllib/evaluation/rollout_worker.py", line 384, in __init__
[2m[36m(pid=1967774)[0m     self.env = _validate_env(env_creator(env_context))
[2m[36m(pid=1967774)[0m   File "/storage/ice1/4/7/hhu349/soccer-twos-starter/utils.py", line 30, in create_rllib_env
[2m[36m(pid=1967774)[0m     env = soccer_twos.make(**env_config)
[2m[36m(pid=1967774)[0m   File "/home/hice1/hhu349/.conda/envs/soccertwos/lib/python3.8/site-packages/soccer_twos/__init__.py", line 89, in make
[2m[36m(pid=1967774)[0m     unity_env = UnityEnvironment(
[2m[36m(pid=1967774)[0m   File "/home/hice1/hhu349/.conda/envs/soccertwos/lib/python3.8/site-packages/mlagents_envs/environment.py", line 187, in __init__
[2m[36m(pid=1967774)[0m     self._communicator = self._get_communicator(worker_id, base_port, timeout_wait)
[2m[36m(pid=1967774)[0m   File "/home/hice1/hhu349/.conda/envs/soccertwos/lib/python3.8/site-packages/mlagents_envs/environment.py", line 252, in _get_communicator
[2m[36m(pid=1967774)[0m     return RpcCommunicator(worker_id, base_port, timeout_wait)
[2m[36m(pid=1967774)[0m   File "/home/hice1/hhu349/.conda/envs/soccertwos/lib/python3.8/site-packages/mlagents_envs/rpc_communicator.py", line 51, in __init__
[2m[36m(pid=1967774)[0m     self.create_server()
[2m[36m(pid=1967774)[0m   File "/home/hice1/hhu349/.conda/envs/soccertwos/lib/python3.8/site-packages/mlagents_envs/rpc_communicator.py", line 57, in create_server
[2m[36m(pid=1967774)[0m     self.check_port(self.port)
[2m[36m(pid=1967774)[0m   File "/home/hice1/hhu349/.conda/envs/soccertwos/lib/python3.8/site-packages/mlagents_envs/rpc_communicator.py", line 86, in check_port
[2m[36m(pid=1967774)[0m     raise UnityWorkerInUseException(self.worker_id)
[2m[36m(pid=1967774)[0m mlagents_envs.exception.UnityWorkerInUseException: Couldn't start socket communication because worker number 5 is still in use. You may need to manually close a previously opened environment or use a different worker number.
[2m[36m(pid=1967782)[0m 2026-04-16 01:21:08,821	ERROR worker.py:409 -- Exception raised in creation task: The actor died because of an error raised in its creation task, [36mray::PPO.__init__()[39m (pid=1967782, ip=172.27.149.234)
[2m[36m(pid=1967782)[0m   File "python/ray/_raylet.pyx", line 501, in ray._raylet.execute_task
[2m[36m(pid=1967782)[0m   File "python/ray/_raylet.pyx", line 451, in ray._raylet.execute_task.function_executor
[2m[36m(pid=1967782)[0m   File "/home/hice1/hhu349/.conda/envs/soccertwos/lib/python3.8/site-packages/ray/_private/function_manager.py", line 563, in actor_method_executor
[2m[36m(pid=1967782)[0m     return method(__ray_actor, *args, **kwargs)
[2m[36m(pid=1967782)[0m   File "/home/hice1/hhu349/.conda/envs/soccertwos/lib/python3.8/site-packages/ray/rllib/agents/trainer_template.py", line 123, in __init__
[2m[36m(pid=1967782)[0m     Trainer.__init__(self, config, env, logger_creator)
[2m[36m(pid=1967782)[0m   File "/home/hice1/hhu349/.conda/envs/soccertwos/lib/python3.8/site-packages/ray/rllib/agents/trainer.py", line 548, in __init__
[2m[36m(pid=1967782)[0m     super().__init__(config, logger_creator)
[2m[36m(pid=1967782)[0m   File "/home/hice1/hhu349/.conda/envs/soccertwos/lib/python3.8/site-packages/ray/tune/trainable.py", line 98, in __init__
[2m[36m(pid=1967782)[0m     self.setup(copy.deepcopy(self.config))
[2m[36m(pid=1967782)[0m   File "/home/hice1/hhu349/.conda/envs/soccertwos/lib/python3.8/site-packages/ray/rllib/agents/trainer.py", line 709, in setup
[2m[36m(pid=1967782)[0m     self._init(self.config, self.env_creator)
[2m[36m(pid=1967782)[0m   File "/home/hice1/hhu349/.conda/envs/soccertwos/lib/python3.8/site-packages/ray/rllib/agents/trainer_template.py", line 150, in _init
[2m[36m(pid=1967782)[0m     self.workers = self._make_workers(
[2m[36m(pid=1967782)[0m   File "/home/hice1/hhu349/.conda/envs/soccertwos/lib/python3.8/site-packages/ray/rllib/agents/trainer.py", line 791, in _make_workers
[2m[36m(pid=1967782)[0m     return WorkerSet(
[2m[36m(pid=1967782)[0m   File "/home/hice1/hhu349/.conda/envs/soccertwos/lib/python3.8/site-packages/ray/rllib/evaluation/worker_set.py", line 81, in __init__
[2m[36m(pid=1967782)[0m     remote_spaces = ray.get(self.remote_workers(
[2m[36m(pid=1967782)[0m   File "/home/hice1/hhu349/.conda/envs/soccertwos/lib/python3.8/site-packages/ray/_private/client_mode_hook.py", line 62, in wrapper
[2m[36m(pid=1967782)[0m     return func(*args, **kwargs)
[2m[36m(pid=1967782)[0m ray.exceptions.RayActorError: The actor died because of an error raised in its creation task, [36mray::RolloutWorker.__init__()[39m (pid=1967774, ip=172.27.149.234)
[2m[36m(pid=1967782)[0m OSError: [Errno 98] Address already in use
[2m[36m(pid=1967782)[0m 
[2m[36m(pid=1967782)[0m During handling of the above exception, another exception occurred:
[2m[36m(pid=1967782)[0m 
[2m[36m(pid=1967782)[0m [36mray::RolloutWorker.__init__()[39m (pid=1967774, ip=172.27.149.234)
[2m[36m(pid=1967782)[0m   File "python/ray/_raylet.pyx", line 490, in ray._raylet.execute_task
[2m[36m(pid=1967782)[0m   File "python/ray/_raylet.pyx", line 497, in ray._raylet.execute_task
[2m[36m(pid=1967782)[0m   File "python/ray/_raylet.pyx", line 501, in ray._raylet.execute_task
[2m[36m(pid=1967782)[0m   File "python/ray/_raylet.pyx", line 451, in ray._raylet.execute_task.function_executor
[2m[36m(pid=1967782)[0m   File "/home/hice1/hhu349/.conda/envs/soccertwos/lib/python3.8/site-packages/ray/_private/function_manager.py", line 563, in actor_method_executor
[2m[36m(pid=1967782)[0m     return method(__ray_actor, *args, **kwargs)
[2m[36m(pid=1967782)[0m   File "/home/hice1/hhu349/.conda/envs/soccertwos/lib/python3.8/site-packages/ray/rllib/evaluation/rollout_worker.py", line 384, in __init__
[2m[36m(pid=1967782)[0m     self.env = _validate_env(env_creator(env_context))
[2m[36m(pid=1967782)[0m   File "/storage/ice1/4/7/hhu349/soccer-twos-starter/utils.py", line 30, in create_rllib_env
[2m[36m(pid=1967782)[0m     env = soccer_twos.make(**env_config)
[2m[36m(pid=1967782)[0m   File "/home/hice1/hhu349/.conda/envs/soccertwos/lib/python3.8/site-packages/soccer_twos/__init__.py", line 89, in make
[2m[36m(pid=1967782)[0m     unity_env = UnityEnvironment(
[2m[36m(pid=1967782)[0m   File "/home/hice1/hhu349/.conda/envs/soccertwos/lib/python3.8/site-packages/mlagents_envs/environment.py", line 187, in __init__
[2m[36m(pid=1967782)[0m     self._communicator = self._get_communicator(worker_id, base_port, timeout_wait)
[2m[36m(pid=1967782)[0m   File "/home/hice1/hhu349/.conda/envs/soccertwos/lib/python3.8/site-packages/mlagents_envs/environment.py", line 252, in _get_communicator
[2m[36m(pid=1967782)[0m     return RpcCommunicator(worker_id, base_port, timeout_wait)
[2m[36m(pid=1967782)[0m   File "/home/hice1/hhu349/.conda/envs/soccertwos/lib/python3.8/site-packages/mlagents_envs/rpc_communicator.py", line 51, in __init__
[2m[36m(pid=1967782)[0m     self.create_server()
[2m[36m(pid=1967782)[0m   File "/home/hice1/hhu349/.conda/envs/soccertwos/lib/python3.8/site-packages/mlagents_envs/rpc_communicator.py", line 57, in create_server
[2m[36m(pid=1967782)[0m     self.check_port(self.port)
[2m[36m(pid=1967782)[0m   File "/home/hice1/hhu349/.conda/envs/soccertwos/lib/python3.8/site-packages/mlagents_envs/rpc_communicator.py", line 86, in check_port
[2m[36m(pid=1967782)[0m     raise UnityWorkerInUseException(self.worker_id)
[2m[36m(pid=1967782)[0m mlagents_envs.exception.UnityWorkerInUseException: Couldn't start socket communication because worker number 5 is still in use. You may need to manually close a previously opened environment or use a different worker number.
[2m[36m(pid=1967781)[0m WARNING: All log messages before absl::InitializeLog() is called are written to STDERR
[2m[36m(pid=1967781)[0m I0000 00:00:1776316868.804270 1967781 fork_posix.cc:75] Other threads are currently calling into gRPC, skipping fork() handlers
[2m[36m(pid=1967770)[0m WARNING: All log messages before absl::InitializeLog() is called are written to STDERR
[2m[36m(pid=1967770)[0m I0000 00:00:1776316868.840575 1967770 fork_posix.cc:75] Other threads are currently calling into gRPC, skipping fork() handlers
[2m[36m(pid=1967779)[0m WARNING: All log messages before absl::InitializeLog() is called are written to STDERR
[2m[36m(pid=1967779)[0m I0000 00:00:1776316868.808422 1967779 fork_posix.cc:75] Other threads are currently calling into gRPC, skipping fork() handlers
[2m[36m(pid=1967784)[0m WARNING: All log messages before absl::InitializeLog() is called are written to STDERR
[2m[36m(pid=1967784)[0m I0000 00:00:1776316868.819166 1967784 fork_posix.cc:75] Other threads are currently calling into gRPC, skipping fork() handlers
2026-04-16 01:21:08,891	WARNING worker.py:1114 -- The agent on node atl1-1-03-007-26-1.pace.gatech.edu failed with the following error:
Traceback (most recent call last):
  File "/home/hice1/hhu349/.conda/envs/soccertwos/lib/python3.8/site-packages/ray/new_dashboard/agent.py", line 326, in <module>
    loop.run_until_complete(agent.run())
  File "/home/hice1/hhu349/.conda/envs/soccertwos/lib/python3.8/asyncio/base_events.py", line 616, in run_until_complete
    return future.result()
  File "/home/hice1/hhu349/.conda/envs/soccertwos/lib/python3.8/site-packages/ray/new_dashboard/agent.py", line 138, in run
    modules = self._load_modules()
  File "/home/hice1/hhu349/.conda/envs/soccertwos/lib/python3.8/site-packages/ray/new_dashboard/agent.py", line 92, in _load_modules
    c = cls(self)
  File "/home/hice1/hhu349/.conda/envs/soccertwos/lib/python3.8/site-packages/ray/new_dashboard/modules/reporter/reporter_agent.py", line 148, in __init__
    self._metrics_agent = MetricsAgent(dashboard_agent.metrics_export_port)
  File "/home/hice1/hhu349/.conda/envs/soccertwos/lib/python3.8/site-packages/ray/_private/metrics_agent.py", line 75, in __init__
    prometheus_exporter.new_stats_exporter(
  File "/home/hice1/hhu349/.conda/envs/soccertwos/lib/python3.8/site-packages/ray/_private/prometheus_exporter.py", line 333, in new_stats_exporter
    exporter = PrometheusStatsExporter(
  File "/home/hice1/hhu349/.conda/envs/soccertwos/lib/python3.8/site-packages/ray/_private/prometheus_exporter.py", line 266, in __init__
    self.serve_http()
  File "/home/hice1/hhu349/.conda/envs/soccertwos/lib/python3.8/site-packages/ray/_private/prometheus_exporter.py", line 320, in serve_http
    start_http_server(
  File "/home/hice1/hhu349/.conda/envs/soccertwos/lib/python3.8/site-packages/prometheus_client/exposition.py", line 231, in start_wsgi_server
    TmpServer.address_family, addr = _get_best_family(addr, port)
  File "/home/hice1/hhu349/.conda/envs/soccertwos/lib/python3.8/site-packages/prometheus_client/exposition.py", line 169, in _get_best_family
    infos = socket.getaddrinfo(address, port, type=socket.SOCK_STREAM, flags=socket.AI_PASSIVE)
  File "/home/hice1/hhu349/.conda/envs/soccertwos/lib/python3.8/socket.py", line 930, in getaddrinfo
    for res in _socket.getaddrinfo(host, port, family, type, proto, flags):
socket.gaierror: [Errno -2] Name or service not known

[2m[33m(raylet)[0m Traceback (most recent call last):
[2m[33m(raylet)[0m   File "/home/hice1/hhu349/.conda/envs/soccertwos/lib/python3.8/site-packages/ray/new_dashboard/agent.py", line 338, in <module>
[2m[33m(raylet)[0m     raise e
[2m[33m(raylet)[0m   File "/home/hice1/hhu349/.conda/envs/soccertwos/lib/python3.8/site-packages/ray/new_dashboard/agent.py", line 326, in <module>
[2m[33m(raylet)[0m     loop.run_until_complete(agent.run())
[2m[33m(raylet)[0m   File "/home/hice1/hhu349/.conda/envs/soccertwos/lib/python3.8/asyncio/base_events.py", line 616, in run_until_complete
[2m[33m(raylet)[0m     return future.result()
[2m[33m(raylet)[0m   File "/home/hice1/hhu349/.conda/envs/soccertwos/lib/python3.8/site-packages/ray/new_dashboard/agent.py", line 138, in run
[2m[33m(raylet)[0m     modules = self._load_modules()
[2m[33m(raylet)[0m   File "/home/hice1/hhu349/.conda/envs/soccertwos/lib/python3.8/site-packages/ray/new_dashboard/agent.py", line 92, in _load_modules
[2m[33m(raylet)[0m     c = cls(self)
[2m[33m(raylet)[0m   File "/home/hice1/hhu349/.conda/envs/soccertwos/lib/python3.8/site-packages/ray/new_dashboard/modules/reporter/reporter_agent.py", line 148, in __init__
[2m[33m(raylet)[0m     self._metrics_agent = MetricsAgent(dashboard_agent.metrics_export_port)
[2m[33m(raylet)[0m   File "/home/hice1/hhu349/.conda/envs/soccertwos/lib/python3.8/site-packages/ray/_private/metrics_agent.py", line 75, in __init__
[2m[33m(raylet)[0m     prometheus_exporter.new_stats_exporter(
[2m[33m(raylet)[0m   File "/home/hice1/hhu349/.conda/envs/soccertwos/lib/python3.8/site-packages/ray/_private/prometheus_exporter.py", line 333, in new_stats_exporter
[2m[33m(raylet)[0m     exporter = PrometheusStatsExporter(
[2m[33m(raylet)[0m   File "/home/hice1/hhu349/.conda/envs/soccertwos/lib/python3.8/site-packages/ray/_private/prometheus_exporter.py", line 266, in __init__
[2m[33m(raylet)[0m     self.serve_http()
[2m[33m(raylet)[0m   File "/home/hice1/hhu349/.conda/envs/soccertwos/lib/python3.8/site-packages/ray/_private/prometheus_exporter.py", line 320, in serve_http
[2m[33m(raylet)[0m     start_http_server(
[2m[33m(raylet)[0m   File "/home/hice1/hhu349/.conda/envs/soccertwos/lib/python3.8/site-packages/prometheus_client/exposition.py", line 231, in start_wsgi_server
[2m[33m(raylet)[0m     TmpServer.address_family, addr = _get_best_family(addr, port)
[2m[33m(raylet)[0m   File "/home/hice1/hhu349/.conda/envs/soccertwos/lib/python3.8/site-packages/prometheus_client/exposition.py", line 169, in _get_best_family
[2m[33m(raylet)[0m     infos = socket.getaddrinfo(address, port, type=socket.SOCK_STREAM, flags=socket.AI_PASSIVE)
[2m[33m(raylet)[0m   File "/home/hice1/hhu349/.conda/envs/soccertwos/lib/python3.8/socket.py", line 930, in getaddrinfo
[2m[33m(raylet)[0m     for res in _socket.getaddrinfo(host, port, family, type, proto, flags):
[2m[33m(raylet)[0m socket.gaierror: [Errno -2] Name or service not known
[2m[36m(pid=1967773)[0m WARNING: All log messages before absl::InitializeLog() is called are written to STDERR
[2m[36m(pid=1967773)[0m I0000 00:00:1776316868.882990 1967773 fork_posix.cc:75] Other threads are currently calling into gRPC, skipping fork() handlers
[2m[36m(pid=1967776)[0m WARNING: All log messages before absl::InitializeLog() is called are written to STDERR
[2m[36m(pid=1967776)[0m I0000 00:00:1776316868.889668 1967776 fork_posix.cc:75] Other threads are currently calling into gRPC, skipping fork() handlers
[2m[36m(pid=1967788)[0m WARNING: All log messages before absl::InitializeLog() is called are written to STDERR
[2m[36m(pid=1967788)[0m I0000 00:00:1776316868.875573 1967788 fork_posix.cc:75] Other threads are currently calling into gRPC, skipping fork() handlers
[2m[36m(pid=1967774)[0m Error in atexit._run_exitfuncs:
[2m[36m(pid=1967774)[0m Traceback (most recent call last):
[2m[36m(pid=1967774)[0m   File "/home/hice1/hhu349/.conda/envs/soccertwos/lib/python3.8/site-packages/mlagents_envs/environment.py", line 424, in _close
[2m[36m(pid=1967774)[0m     self._communicator.close()
[2m[36m(pid=1967774)[0m AttributeError: 'UnityEnvironment' object has no attribute '_communicator'
[2m[36m(pid=1967781)[0m INFO:mlagents_envs.environment:Connected to Unity environment with package version 2.1.0-exp.1 and communication version 1.5.0
[2m[36m(pid=1967770)[0m INFO:mlagents_envs.environment:Connected to Unity environment with package version 2.1.0-exp.1 and communication version 1.5.0
[2m[36m(pid=1967779)[0m INFO:mlagents_envs.environment:Connected to Unity environment with package version 2.1.0-exp.1 and communication version 1.5.0
[2m[36m(pid=1967784)[0m INFO:mlagents_envs.environment:Connected to Unity environment with package version 2.1.0-exp.1 and communication version 1.5.0
[2m[36m(pid=1967773)[0m INFO:mlagents_envs.environment:Connected to Unity environment with package version 2.1.0-exp.1 and communication version 1.5.0
[2m[36m(pid=1967776)[0m INFO:mlagents_envs.environment:Connected to Unity environment with package version 2.1.0-exp.1 and communication version 1.5.0
[2m[36m(pid=1967788)[0m INFO:mlagents_envs.environment:Connected to Unity environment with package version 2.1.0-exp.1 and communication version 1.5.0
[2m[36m(pid=1967781)[0m INFO:mlagents_envs.environment:Connected new brain: SoccerTwos?team=1
[2m[36m(pid=1967781)[0m INFO:mlagents_envs.environment:Connected new brain: SoccerTwos?team=0
[2m[36m(pid=1967770)[0m INFO:mlagents_envs.environment:Connected new brain: SoccerTwos?team=1
[2m[36m(pid=1967770)[0m INFO:mlagents_envs.environment:Connected new brain: SoccerTwos?team=0
[2m[36m(pid=1967779)[0m INFO:mlagents_envs.environment:Connected new brain: SoccerTwos?team=1
[2m[36m(pid=1967779)[0m INFO:mlagents_envs.environment:Connected new brain: SoccerTwos?team=0
[2m[36m(pid=1967784)[0m INFO:mlagents_envs.environment:Connected new brain: SoccerTwos?team=1
[2m[36m(pid=1967784)[0m INFO:mlagents_envs.environment:Connected new brain: SoccerTwos?team=0
[2m[36m(pid=1967773)[0m INFO:mlagents_envs.environment:Connected new brain: SoccerTwos?team=1
[2m[36m(pid=1967773)[0m INFO:mlagents_envs.environment:Connected new brain: SoccerTwos?team=0
[2m[36m(pid=1967776)[0m INFO:mlagents_envs.environment:Connected new brain: SoccerTwos?team=1
[2m[36m(pid=1967776)[0m INFO:mlagents_envs.environment:Connected new brain: SoccerTwos?team=0
[2m[36m(pid=1967788)[0m INFO:mlagents_envs.environment:Connected new brain: SoccerTwos?team=1
[2m[36m(pid=1967788)[0m INFO:mlagents_envs.environment:Connected new brain: SoccerTwos?team=0
[2m[36m(pid=1967781)[0m 2026-04-16 01:21:10,969	INFO ppo_tf_policy.py:327 -- `vf_share_layers=True` in your model. Therefore, remember to tune the value of `vf_loss_coeff`!
[2m[36m(pid=1967770)[0m 2026-04-16 01:21:10,970	INFO ppo_tf_policy.py:327 -- `vf_share_layers=True` in your model. Therefore, remember to tune the value of `vf_loss_coeff`!
[2m[36m(pid=1967779)[0m 2026-04-16 01:21:10,973	INFO ppo_tf_policy.py:327 -- `vf_share_layers=True` in your model. Therefore, remember to tune the value of `vf_loss_coeff`!
[2m[36m(pid=1967784)[0m 2026-04-16 01:21:10,969	INFO ppo_tf_policy.py:327 -- `vf_share_layers=True` in your model. Therefore, remember to tune the value of `vf_loss_coeff`!
[2m[36m(pid=1967773)[0m 2026-04-16 01:21:10,969	INFO ppo_tf_policy.py:327 -- `vf_share_layers=True` in your model. Therefore, remember to tune the value of `vf_loss_coeff`!
[2m[36m(pid=1967776)[0m 2026-04-16 01:21:10,970	INFO ppo_tf_policy.py:327 -- `vf_share_layers=True` in your model. Therefore, remember to tune the value of `vf_loss_coeff`!
[2m[36m(pid=1967788)[0m 2026-04-16 01:21:10,969	INFO ppo_tf_policy.py:327 -- `vf_share_layers=True` in your model. Therefore, remember to tune the value of `vf_loss_coeff`!
[2m[36m(pid=1967781)[0m 2026-04-16 01:21:11,104	INFO torch_policy.py:134 -- TorchPolicy (worker=7) running on CPU.
[2m[36m(pid=1967770)[0m 2026-04-16 01:21:11,104	INFO torch_policy.py:134 -- TorchPolicy (worker=5) running on CPU.
[2m[36m(pid=1967779)[0m 2026-04-16 01:21:11,104	INFO torch_policy.py:134 -- TorchPolicy (worker=4) running on CPU.
[2m[36m(pid=1967784)[0m 2026-04-16 01:21:11,104	INFO torch_policy.py:134 -- TorchPolicy (worker=3) running on CPU.
[2m[36m(pid=1967773)[0m 2026-04-16 01:21:11,104	INFO torch_policy.py:134 -- TorchPolicy (worker=8) running on CPU.
[2m[36m(pid=1967776)[0m 2026-04-16 01:21:11,104	INFO torch_policy.py:134 -- TorchPolicy (worker=6) running on CPU.
[2m[36m(pid=1967788)[0m 2026-04-16 01:21:11,105	INFO torch_policy.py:134 -- TorchPolicy (worker=2) running on CPU.
[2m[36m(pid=1967770)[0m I0000 00:00:1776316871.287649 1967770 fork_posix.cc:75] Other threads are currently calling into gRPC, skipping fork() handlers
[2m[36m(pid=1967779)[0m I0000 00:00:1776316871.273795 1967779 fork_posix.cc:75] Other threads are currently calling into gRPC, skipping fork() handlers
[2m[36m(pid=1967784)[0m I0000 00:00:1776316871.273708 1967784 fork_posix.cc:75] Other threads are currently calling into gRPC, skipping fork() handlers
[2m[36m(pid=1967773)[0m I0000 00:00:1776316871.273737 1967773 fork_posix.cc:75] Other threads are currently calling into gRPC, skipping fork() handlers
[2m[36m(pid=1967776)[0m I0000 00:00:1776316871.273714 1967776 fork_posix.cc:75] Other threads are currently calling into gRPC, skipping fork() handlers
[2m[36m(pid=1967788)[0m I0000 00:00:1776316871.273701 1967788 fork_posix.cc:75] Other threads are currently calling into gRPC, skipping fork() handlers
[2m[33m(raylet)[0m /home/hice1/hhu349/.conda/envs/soccertwos/lib/python3.8/site-packages/ray/autoscaler/_private/cli_logger.py:57: FutureWarning: Not all Ray CLI dependencies were found. In Ray 1.4+, the Ray CLI, autoscaler, and dashboard will only be usable via `pip install 'ray[default]'`. Please update your install command.
[2m[33m(raylet)[0m   warnings.warn(
[2m[36m(pid=1967779)[0m INFO:mlagents_envs.environment:Connected to Unity environment with package version 2.1.0-exp.1 and communication version 1.5.0
[2m[36m(pid=1967770)[0m INFO:mlagents_envs.environment:Connected to Unity environment with package version 2.1.0-exp.1 and communication version 1.5.0
[2m[36m(pid=1967773)[0m INFO:mlagents_envs.environment:Connected to Unity environment with package version 2.1.0-exp.1 and communication version 1.5.0
[2m[36m(pid=1967788)[0m INFO:mlagents_envs.environment:Connected to Unity environment with package version 2.1.0-exp.1 and communication version 1.5.0
[2m[36m(pid=1967779)[0m INFO:mlagents_envs.environment:Connected new brain: SoccerTwos?team=1
[2m[36m(pid=1967779)[0m INFO:mlagents_envs.environment:Connected new brain: SoccerTwos?team=0
[2m[36m(pid=1967784)[0m INFO:mlagents_envs.environment:Connected to Unity environment with package version 2.1.0-exp.1 and communication version 1.5.0
[2m[36m(pid=1967773)[0m INFO:mlagents_envs.environment:Connected new brain: SoccerTwos?team=1
[2m[36m(pid=1967773)[0m INFO:mlagents_envs.environment:Connected new brain: SoccerTwos?team=0
[2m[36m(pid=1967776)[0m INFO:mlagents_envs.environment:Connected to Unity environment with package version 2.1.0-exp.1 and communication version 1.5.0
[2m[36m(pid=1967770)[0m INFO:mlagents_envs.environment:Connected new brain: SoccerTwos?team=1
[2m[36m(pid=1967770)[0m INFO:mlagents_envs.environment:Connected new brain: SoccerTwos?team=0
[2m[36m(pid=1967779)[0m I0000 00:00:1776316872.236458 1967779 fork_posix.cc:75] Other threads are currently calling into gRPC, skipping fork() handlers
[2m[36m(pid=1967784)[0m INFO:mlagents_envs.environment:Connected new brain: SoccerTwos?team=1
[2m[36m(pid=1967784)[0m INFO:mlagents_envs.environment:Connected new brain: SoccerTwos?team=0
[2m[36m(pid=1967773)[0m I0000 00:00:1776316872.265373 1967773 fork_posix.cc:75] Other threads are currently calling into gRPC, skipping fork() handlers
[2m[36m(pid=1967776)[0m INFO:mlagents_envs.environment:Connected new brain: SoccerTwos?team=1
[2m[36m(pid=1967776)[0m INFO:mlagents_envs.environment:Connected new brain: SoccerTwos?team=0
[2m[36m(pid=1967788)[0m INFO:mlagents_envs.environment:Connected new brain: SoccerTwos?team=1
[2m[36m(pid=1967788)[0m INFO:mlagents_envs.environment:Connected new brain: SoccerTwos?team=0
[2m[36m(pid=1967788)[0m I0000 00:00:1776316872.274110 1967788 fork_posix.cc:75] Other threads are currently calling into gRPC, skipping fork() handlers
[2m[36m(pid=1967770)[0m I0000 00:00:1776316872.306612 1967770 fork_posix.cc:75] Other threads are currently calling into gRPC, skipping fork() handlers
[2m[36m(pid=1967784)[0m I0000 00:00:1776316872.311533 1967784 fork_posix.cc:75] Other threads are currently calling into gRPC, skipping fork() handlers
[2m[36m(pid=1967776)[0m I0000 00:00:1776316872.311346 1967776 fork_posix.cc:75] Other threads are currently calling into gRPC, skipping fork() handlers
[2m[36m(pid=1967781)[0m INFO:mlagents_envs.environment:Connected to Unity environment with package version 2.1.0-exp.1 and communication version 1.5.0
[2m[36m(pid=1967781)[0m INFO:mlagents_envs.environment:Connected new brain: SoccerTwos?team=1
[2m[36m(pid=1967781)[0m INFO:mlagents_envs.environment:Connected new brain: SoccerTwos?team=0
[2m[36m(pid=1967779)[0m INFO:mlagents_envs.environment:Connected to Unity environment with package version 2.1.0-exp.1 and communication version 1.5.0
[2m[36m(pid=1967779)[0m INFO:mlagents_envs.environment:Connected new brain: SoccerTwos?team=1
[2m[36m(pid=1967779)[0m INFO:mlagents_envs.environment:Connected new brain: SoccerTwos?team=0
[2m[36m(pid=1967773)[0m INFO:mlagents_envs.environment:Connected to Unity environment with package version 2.1.0-exp.1 and communication version 1.5.0
[2m[36m(pid=1967788)[0m INFO:mlagents_envs.environment:Connected to Unity environment with package version 2.1.0-exp.1 and communication version 1.5.0
[2m[36m(pid=1967770)[0m INFO:mlagents_envs.environment:Connected to Unity environment with package version 2.1.0-exp.1 and communication version 1.5.0
[2m[36m(pid=1967784)[0m INFO:mlagents_envs.environment:Connected to Unity environment with package version 2.1.0-exp.1 and communication version 1.5.0
[2m[36m(pid=1967773)[0m INFO:mlagents_envs.environment:Connected new brain: SoccerTwos?team=1
[2m[36m(pid=1967773)[0m INFO:mlagents_envs.environment:Connected new brain: SoccerTwos?team=0
2026-04-16 01:21:13,218	WARNING worker.py:1114 -- The agent on node atl1-1-03-007-26-1.pace.gatech.edu failed with the following error:
Traceback (most recent call last):
  File "/home/hice1/hhu349/.conda/envs/soccertwos/lib/python3.8/site-packages/ray/new_dashboard/agent.py", line 326, in <module>
    loop.run_until_complete(agent.run())
  File "/home/hice1/hhu349/.conda/envs/soccertwos/lib/python3.8/asyncio/base_events.py", line 616, in run_until_complete
    return future.result()
  File "/home/hice1/hhu349/.conda/envs/soccertwos/lib/python3.8/site-packages/ray/new_dashboard/agent.py", line 138, in run
    modules = self._load_modules()
  File "/home/hice1/hhu349/.conda/envs/soccertwos/lib/python3.8/site-packages/ray/new_dashboard/agent.py", line 92, in _load_modules
    c = cls(self)
  File "/home/hice1/hhu349/.conda/envs/soccertwos/lib/python3.8/site-packages/ray/new_dashboard/modules/reporter/reporter_agent.py", line 148, in __init__
    self._metrics_agent = MetricsAgent(dashboard_agent.metrics_export_port)
  File "/home/hice1/hhu349/.conda/envs/soccertwos/lib/python3.8/site-packages/ray/_private/metrics_agent.py", line 75, in __init__
    prometheus_exporter.new_stats_exporter(
  File "/home/hice1/hhu349/.conda/envs/soccertwos/lib/python3.8/site-packages/ray/_private/prometheus_exporter.py", line 333, in new_stats_exporter
    exporter = PrometheusStatsExporter(
  File "/home/hice1/hhu349/.conda/envs/soccertwos/lib/python3.8/site-packages/ray/_private/prometheus_exporter.py", line 266, in __init__
    self.serve_http()
  File "/home/hice1/hhu349/.conda/envs/soccertwos/lib/python3.8/site-packages/ray/_private/prometheus_exporter.py", line 320, in serve_http
    start_http_server(
  File "/home/hice1/hhu349/.conda/envs/soccertwos/lib/python3.8/site-packages/prometheus_client/exposition.py", line 231, in start_wsgi_server
    TmpServer.address_family, addr = _get_best_family(addr, port)
  File "/home/hice1/hhu349/.conda/envs/soccertwos/lib/python3.8/site-packages/prometheus_client/exposition.py", line 169, in _get_best_family
    infos = socket.getaddrinfo(address, port, type=socket.SOCK_STREAM, flags=socket.AI_PASSIVE)
  File "/home/hice1/hhu349/.conda/envs/soccertwos/lib/python3.8/socket.py", line 930, in getaddrinfo
    for res in _socket.getaddrinfo(host, port, family, type, proto, flags):
socket.gaierror: [Errno -2] Name or service not known

[2m[33m(raylet)[0m Traceback (most recent call last):
[2m[33m(raylet)[0m   File "/home/hice1/hhu349/.conda/envs/soccertwos/lib/python3.8/site-packages/ray/new_dashboard/agent.py", line 338, in <module>
[2m[36m(pid=1967776)[0m INFO:mlagents_envs.environment:Connected to Unity environment with package version 2.1.0-exp.1 and communication version 1.5.0
[2m[36m(pid=1967788)[0m INFO:mlagents_envs.environment:Connected new brain: SoccerTwos?team=1
[2m[36m(pid=1967788)[0m INFO:mlagents_envs.environment:Connected new brain: SoccerTwos?team=0
[2m[36m(pid=1967788)[0m I0000 00:00:1776316873.209595 1967788 fork_posix.cc:75] Other threads are currently calling into gRPC, skipping fork() handlers
[2m[33m(raylet)[0m     raise e
[2m[33m(raylet)[0m   File "/home/hice1/hhu349/.conda/envs/soccertwos/lib/python3.8/site-packages/ray/new_dashboard/agent.py", line 326, in <module>
[2m[33m(raylet)[0m     loop.run_until_complete(agent.run())
[2m[33m(raylet)[0m   File "/home/hice1/hhu349/.conda/envs/soccertwos/lib/python3.8/asyncio/base_events.py", line 616, in run_until_complete
[2m[33m(raylet)[0m     return future.result()
[2m[33m(raylet)[0m   File "/home/hice1/hhu349/.conda/envs/soccertwos/lib/python3.8/site-packages/ray/new_dashboard/agent.py", line 138, in run
[2m[33m(raylet)[0m     modules = self._load_modules()
[2m[33m(raylet)[0m   File "/home/hice1/hhu349/.conda/envs/soccertwos/lib/python3.8/site-packages/ray/new_dashboard/agent.py", line 92, in _load_modules
[2m[33m(raylet)[0m     c = cls(self)
[2m[33m(raylet)[0m   File "/home/hice1/hhu349/.conda/envs/soccertwos/lib/python3.8/site-packages/ray/new_dashboard/modules/reporter/reporter_agent.py", line 148, in __init__
[2m[33m(raylet)[0m     self._metrics_agent = MetricsAgent(dashboard_agent.metrics_export_port)
[2m[33m(raylet)[0m   File "/home/hice1/hhu349/.conda/envs/soccertwos/lib/python3.8/site-packages/ray/_private/metrics_agent.py", line 75, in __init__
[2m[33m(raylet)[0m     prometheus_exporter.new_stats_exporter(
[2m[33m(raylet)[0m   File "/home/hice1/hhu349/.conda/envs/soccertwos/lib/python3.8/site-packages/ray/_private/prometheus_exporter.py", line 333, in new_stats_exporter
[2m[33m(raylet)[0m     exporter = PrometheusStatsExporter(
[2m[33m(raylet)[0m   File "/home/hice1/hhu349/.conda/envs/soccertwos/lib/python3.8/site-packages/ray/_private/prometheus_exporter.py", line 266, in __init__
[2m[33m(raylet)[0m     self.serve_http()
[2m[33m(raylet)[0m   File "/home/hice1/hhu349/.conda/envs/soccertwos/lib/python3.8/site-packages/ray/_private/prometheus_exporter.py", line 320, in serve_http
[2m[33m(raylet)[0m     start_http_server(
[2m[33m(raylet)[0m   File "/home/hice1/hhu349/.conda/envs/soccertwos/lib/python3.8/site-packages/prometheus_client/exposition.py", line 231, in start_wsgi_server
[2m[33m(raylet)[0m     TmpServer.address_family, addr = _get_best_family(addr, port)
[2m[33m(raylet)[0m   File "/home/hice1/hhu349/.conda/envs/soccertwos/lib/python3.8/site-packages/prometheus_client/exposition.py", line 169, in _get_best_family
[2m[33m(raylet)[0m     infos = socket.getaddrinfo(address, port, type=socket.SOCK_STREAM, flags=socket.AI_PASSIVE)
[2m[33m(raylet)[0m   File "/home/hice1/hhu349/.conda/envs/soccertwos/lib/python3.8/socket.py", line 930, in getaddrinfo
[2m[33m(raylet)[0m     for res in _socket.getaddrinfo(host, port, family, type, proto, flags):
[2m[33m(raylet)[0m socket.gaierror: [Errno -2] Name or service not known
[2m[36m(pid=1967770)[0m INFO:mlagents_envs.environment:Connected new brain: SoccerTwos?team=1
[2m[36m(pid=1967770)[0m INFO:mlagents_envs.environment:Connected new brain: SoccerTwos?team=0
[2m[36m(pid=1967770)[0m I0000 00:00:1776316873.259491 1967770 fork_posix.cc:75] Other threads are currently calling into gRPC, skipping fork() handlers
[2m[36m(pid=1967784)[0m INFO:mlagents_envs.environment:Connected new brain: SoccerTwos?team=1
[2m[36m(pid=1967784)[0m INFO:mlagents_envs.environment:Connected new brain: SoccerTwos?team=0
[2m[36m(pid=1967776)[0m INFO:mlagents_envs.environment:Connected new brain: SoccerTwos?team=1
[2m[36m(pid=1967776)[0m INFO:mlagents_envs.environment:Connected new brain: SoccerTwos?team=0
[2m[36m(pid=1967784)[0m I0000 00:00:1776316873.276616 1967784 fork_posix.cc:75] Other threads are currently calling into gRPC, skipping fork() handlers
[2m[36m(pid=1967788)[0m INFO:mlagents_envs.environment:Connected to Unity environment with package version 2.1.0-exp.1 and communication version 1.5.0
[2m[36m(pid=1967788)[0m INFO:mlagents_envs.environment:Connected new brain: SoccerTwos?team=1
[2m[36m(pid=1967788)[0m INFO:mlagents_envs.environment:Connected new brain: SoccerTwos?team=0
[2m[36m(pid=1967770)[0m INFO:mlagents_envs.environment:Connected to Unity environment with package version 2.1.0-exp.1 and communication version 1.5.0
[2m[36m(pid=1967784)[0m INFO:mlagents_envs.environment:Connected to Unity environment with package version 2.1.0-exp.1 and communication version 1.5.0
[2m[36m(pid=1967788)[0m I0000 00:00:1776316874.063638 1967788 fork_posix.cc:75] Other threads are currently calling into gRPC, skipping fork() handlers
[2m[36m(pid=1967781)[0m INFO:mlagents_envs.environment:Connected to Unity environment with package version 2.1.0-exp.1 and communication version 1.5.0
[2m[36m(pid=1967770)[0m INFO:mlagents_envs.environment:Connected new brain: SoccerTwos?team=1
[2m[36m(pid=1967770)[0m INFO:mlagents_envs.environment:Connected new brain: SoccerTwos?team=0
[2m[36m(pid=1967781)[0m INFO:mlagents_envs.environment:Connected new brain: SoccerTwos?team=1
[2m[36m(pid=1967781)[0m INFO:mlagents_envs.environment:Connected new brain: SoccerTwos?team=0
[2m[36m(pid=1967770)[0m I0000 00:00:1776316874.172431 1967770 fork_posix.cc:75] Other threads are currently calling into gRPC, skipping fork() handlers
[2m[36m(pid=1967779)[0m INFO:mlagents_envs.environment:Connected to Unity environment with package version 2.1.0-exp.1 and communication version 1.5.0
[2m[36m(pid=1967784)[0m INFO:mlagents_envs.environment:Connected new brain: SoccerTwos?team=1
[2m[36m(pid=1967784)[0m INFO:mlagents_envs.environment:Connected new brain: SoccerTwos?team=0
[2m[36m(pid=1967781)[0m I0000 00:00:1776316874.215442 1967781 fork_posix.cc:75] Other threads are currently calling into gRPC, skipping fork() handlers
[2m[36m(pid=1967773)[0m INFO:mlagents_envs.environment:Connected to Unity environment with package version 2.1.0-exp.1 and communication version 1.5.0
[2m[36m(pid=1967779)[0m INFO:mlagents_envs.environment:Connected new brain: SoccerTwos?team=1
[2m[36m(pid=1967779)[0m INFO:mlagents_envs.environment:Connected new brain: SoccerTwos?team=0
[2m[36m(pid=1967779)[0m I0000 00:00:1776316874.293494 1967779 fork_posix.cc:75] Other threads are currently calling into gRPC, skipping fork() handlers
[2m[36m(pid=1967773)[0m INFO:mlagents_envs.environment:Connected new brain: SoccerTwos?team=1
[2m[36m(pid=1967773)[0m INFO:mlagents_envs.environment:Connected new brain: SoccerTwos?team=0
[2m[36m(pid=1967776)[0m INFO:mlagents_envs.environment:Connected to Unity environment with package version 2.1.0-exp.1 and communication version 1.5.0
[2m[36m(pid=1967773)[0m I0000 00:00:1776316874.362432 1967773 fork_posix.cc:75] Other threads are currently calling into gRPC, skipping fork() handlers
[2m[36m(pid=1967776)[0m INFO:mlagents_envs.environment:Connected new brain: SoccerTwos?team=1
[2m[36m(pid=1967776)[0m INFO:mlagents_envs.environment:Connected new brain: SoccerTwos?team=0
[2m[36m(pid=1967776)[0m I0000 00:00:1776316874.453382 1967776 fork_posix.cc:75] Other threads are currently calling into gRPC, skipping fork() handlers
[2m[36m(pid=1967788)[0m INFO:mlagents_envs.environment:Connected to Unity environment with package version 2.1.0-exp.1 and communication version 1.5.0
[2m[36m(pid=1967788)[0m INFO:mlagents_envs.environment:Connected new brain: SoccerTwos?team=1
[2m[36m(pid=1967788)[0m INFO:mlagents_envs.environment:Connected new brain: SoccerTwos?team=0
[2m[36m(pid=1967781)[0m INFO:mlagents_envs.environment:Connected to Unity environment with package version 2.1.0-exp.1 and communication version 1.5.0
[2m[36m(pid=1967770)[0m INFO:mlagents_envs.environment:Connected to Unity environment with package version 2.1.0-exp.1 and communication version 1.5.0
[2m[36m(pid=1967770)[0m INFO:mlagents_envs.environment:Connected new brain: SoccerTwos?team=1
[2m[36m(pid=1967770)[0m INFO:mlagents_envs.environment:Connected new brain: SoccerTwos?team=0
[2m[36m(pid=1967781)[0m INFO:mlagents_envs.environment:Connected new brain: SoccerTwos?team=1
[2m[36m(pid=1967781)[0m INFO:mlagents_envs.environment:Connected new brain: SoccerTwos?team=0
[2m[36m(pid=1967779)[0m INFO:mlagents_envs.environment:Connected to Unity environment with package version 2.1.0-exp.1 and communication version 1.5.0
[2m[36m(pid=1967781)[0m I0000 00:00:1776316875.043414 1967781 fork_posix.cc:75] Other threads are currently calling into gRPC, skipping fork() handlers
[2m[36m(pid=1967779)[0m INFO:mlagents_envs.environment:Connected new brain: SoccerTwos?team=1
[2m[36m(pid=1967779)[0m INFO:mlagents_envs.environment:Connected new brain: SoccerTwos?team=0
[2m[36m(pid=1967773)[0m INFO:mlagents_envs.environment:Connected to Unity environment with package version 2.1.0-exp.1 and communication version 1.5.0
[2m[36m(pid=1967773)[0m INFO:mlagents_envs.environment:Connected new brain: SoccerTwos?team=1
[2m[36m(pid=1967773)[0m INFO:mlagents_envs.environment:Connected new brain: SoccerTwos?team=0
[2m[36m(pid=1967776)[0m INFO:mlagents_envs.environment:Connected to Unity environment with package version 2.1.0-exp.1 and communication version 1.5.0
[2m[36m(pid=1967784)[0m INFO:mlagents_envs.environment:Connected to Unity environment with package version 2.1.0-exp.1 and communication version 1.5.0
[2m[36m(pid=1967776)[0m INFO:mlagents_envs.environment:Connected new brain: SoccerTwos?team=1
[2m[36m(pid=1967776)[0m INFO:mlagents_envs.environment:Connected new brain: SoccerTwos?team=0
[2m[36m(pid=1967784)[0m INFO:mlagents_envs.environment:Connected new brain: SoccerTwos?team=1
[2m[36m(pid=1967784)[0m INFO:mlagents_envs.environment:Connected new brain: SoccerTwos?team=0
[2m[33m(raylet)[0m /home/hice1/hhu349/.conda/envs/soccertwos/lib/python3.8/site-packages/ray/autoscaler/_private/cli_logger.py:57: FutureWarning: Not all Ray CLI dependencies were found. In Ray 1.4+, the Ray CLI, autoscaler, and dashboard will only be usable via `pip install 'ray[default]'`. Please update your install command.
[2m[33m(raylet)[0m   warnings.warn(
[2m[36m(pid=1967781)[0m INFO:mlagents_envs.environment:Connected to Unity environment with package version 2.1.0-exp.1 and communication version 1.5.0
2026-04-16 01:21:15,842	ERROR trial_runner.py:748 -- Trial PPO_Soccer_0c116_00000: Error processing event.
Traceback (most recent call last):
  File "/home/hice1/hhu349/.conda/envs/soccertwos/lib/python3.8/site-packages/ray/tune/trial_runner.py", line 718, in _process_trial
    results = self.trial_executor.fetch_result(trial)
  File "/home/hice1/hhu349/.conda/envs/soccertwos/lib/python3.8/site-packages/ray/tune/ray_trial_executor.py", line 688, in fetch_result
    result = ray.get(trial_future[0], timeout=DEFAULT_GET_TIMEOUT)
  File "/home/hice1/hhu349/.conda/envs/soccertwos/lib/python3.8/site-packages/ray/_private/client_mode_hook.py", line 62, in wrapper
    return func(*args, **kwargs)
  File "/home/hice1/hhu349/.conda/envs/soccertwos/lib/python3.8/site-packages/ray/worker.py", line 1496, in get
    raise value
ray.exceptions.RayActorError: The actor died because of an error raised in its creation task, [36mray::PPO.__init__()[39m (pid=1967782, ip=172.27.149.234)
  File "python/ray/_raylet.pyx", line 501, in ray._raylet.execute_task
  File "python/ray/_raylet.pyx", line 451, in ray._raylet.execute_task.function_executor
  File "/home/hice1/hhu349/.conda/envs/soccertwos/lib/python3.8/site-packages/ray/_private/function_manager.py", line 563, in actor_method_executor
    return method(__ray_actor, *args, **kwargs)
  File "/home/hice1/hhu349/.conda/envs/soccertwos/lib/python3.8/site-packages/ray/rllib/agents/trainer_template.py", line 123, in __init__
    Trainer.__init__(self, config, env, logger_creator)
  File "/home/hice1/hhu349/.conda/envs/soccertwos/lib/python3.8/site-packages/ray/rllib/agents/trainer.py", line 548, in __init__
    super().__init__(config, logger_creator)
  File "/home/hice1/hhu349/.conda/envs/soccertwos/lib/python3.8/site-packages/ray/tune/trainable.py", line 98, in __init__
    self.setup(copy.deepcopy(self.config))
  File "/home/hice1/hhu349/.conda/envs/soccertwos/lib/python3.8/site-packages/ray/rllib/agents/trainer.py", line 709, in setup
    self._init(self.config, self.env_creator)
  File "/home/hice1/hhu349/.conda/envs/soccertwos/lib/python3.8/site-packages/ray/rllib/agents/trainer_template.py", line 150, in _init
    self.workers = self._make_workers(
  File "/home/hice1/hhu349/.conda/envs/soccertwos/lib/python3.8/site-packages/ray/rllib/agents/trainer.py", line 791, in _make_workers
    return WorkerSet(
  File "/home/hice1/hhu349/.conda/envs/soccertwos/lib/python3.8/site-packages/ray/rllib/evaluation/worker_set.py", line 81, in __init__
    remote_spaces = ray.get(self.remote_workers(
  File "/home/hice1/hhu349/.conda/envs/soccertwos/lib/python3.8/site-packages/ray/_private/client_mode_hook.py", line 62, in wrapper
    return func(*args, **kwargs)
ray.exceptions.RayActorError: The actor died because of an error raised in its creation task, [36mray::RolloutWorker.__init__()[39m (pid=1967774, ip=172.27.149.234)
OSError: [Errno 98] Address already in use

During handling of the above exception, another exception occurred:

[36mray::RolloutWorker.__init__()[39m (pid=1967774, ip=172.27.149.234)
  File "python/ray/_raylet.pyx", line 490, in ray._raylet.execute_task
  File "python/ray/_raylet.pyx", line 497, in ray._raylet.execute_task
  File "python/ray/_raylet.pyx", line 501, in ray._raylet.execute_task
  File "python/ray/_raylet.pyx", line 451, in ray._raylet.execute_task.function_executor
  File "/home/hice1/hhu349/.conda/envs/soccertwos/lib/python3.8/site-packages/ray/_private/function_manager.py", line 563, in actor_method_executor
    return method(__ray_actor, *args, **kwargs)
  File "/home/hice1/hhu349/.conda/envs/soccertwos/lib/python3.8/site-packages/ray/rllib/evaluation/rollout_worker.py", line 384, in __init__
    self.env = _validate_env(env_creator(env_context))
  File "/storage/ice1/4/7/hhu349/soccer-twos-starter/utils.py", line 30, in create_rllib_env
    env = soccer_twos.make(**env_config)
  File "/home/hice1/hhu349/.conda/envs/soccertwos/lib/python3.8/site-packages/soccer_twos/__init__.py", line 89, in make
    unity_env = UnityEnvironment(
  File "/home/hice1/hhu349/.conda/envs/soccertwos/lib/python3.8/site-packages/mlagents_envs/environment.py", line 187, in __init__
    self._communicator = self._get_communicator(worker_id, base_port, timeout_wait)
  File "/home/hice1/hhu349/.conda/envs/soccertwos/lib/python3.8/site-packages/mlagents_envs/environment.py", line 252, in _get_communicator
    return RpcCommunicator(worker_id, base_port, timeout_wait)
  File "/home/hice1/hhu349/.conda/envs/soccertwos/lib/python3.8/site-packages/mlagents_envs/rpc_communicator.py", line 51, in __init__
    self.create_server()
  File "/home/hice1/hhu349/.conda/envs/soccertwos/lib/python3.8/site-packages/mlagents_envs/rpc_communicator.py", line 57, in create_server
    self.check_port(self.port)
  File "/home/hice1/hhu349/.conda/envs/soccertwos/lib/python3.8/site-packages/mlagents_envs/rpc_communicator.py", line 86, in check_port
    raise UnityWorkerInUseException(self.worker_id)
mlagents_envs.exception.UnityWorkerInUseException: Couldn't start socket communication because worker number 5 is still in use. You may need to manually close a previously opened environment or use a different worker number.
[2m[36m(pid=1967781)[0m INFO:mlagents_envs.environment:Connected new brain: SoccerTwos?team=1
[2m[36m(pid=1967781)[0m INFO:mlagents_envs.environment:Connected new brain: SoccerTwos?team=0
== Status ==
Memory usage on this node: 15.3/187.1 GiB
Using FIFO scheduling algorithm.
Resources requested: 0/24 CPUs, 0/0 GPUs, 0.0/113.29 GiB heap, 0.0/52.54 GiB objects
Result logdir: /storage/ice1/4/7/hhu349/soccer-twos-starter/ray_results/PPO_1
Number of trials: 1/1 (1 PENDING)
+------------------------+----------+-------+
| Trial name             | status   | loc   |
|------------------------+----------+-------|
| PPO_Soccer_0c116_00000 | PENDING  |       |
+------------------------+----------+-------+


[2m[36m(pid=1967773)[0m [INFO] Connected to Unity environment with package version 2.1.0-exp.1 and communication version 1.5.0
[2m[36m(pid=1967781)[0m [INFO] Connected to Unity environment with package version 2.1.0-exp.1 and communication version 1.5.0
[2m[36m(pid=1967776)[0m [INFO] Connected to Unity environment with package version 2.1.0-exp.1 and communication version 1.5.0
[2m[36m(pid=1967770)[0m [INFO] Connected to Unity environment with package version 2.1.0-exp.1 and communication version 1.5.0
[2m[36m(pid=1967779)[0m [INFO] Connected to Unity environment with package version 2.1.0-exp.1 and communication version 1.5.0
[2m[36m(pid=1967788)[0m [INFO] Connected to Unity environment with package version 2.1.0-exp.1 and communication version 1.5.0
[2m[36m(pid=1967784)[0m [INFO] Connected to Unity environment with package version 2.1.0-exp.1 and communication version 1.5.0
[2m[36m(pid=1967773)[0m [INFO] Connected new brain: SoccerTwos?team=1
[2m[36m(pid=1967773)[0m [INFO] Connected new brain: SoccerTwos?team=0
[2m[36m(pid=1967781)[0m [INFO] Connected new brain: SoccerTwos?team=1
[2m[36m(pid=1967781)[0m [INFO] Connected new brain: SoccerTwos?team=0
[2m[36m(pid=1967776)[0m [INFO] Connected new brain: SoccerTwos?team=1
[2m[36m(pid=1967776)[0m [INFO] Connected new brain: SoccerTwos?team=0
[2m[36m(pid=1967770)[0m [INFO] Connected new brain: SoccerTwos?team=1
[2m[36m(pid=1967770)[0m [INFO] Connected new brain: SoccerTwos?team=0
[2m[36m(pid=1967779)[0m [INFO] Connected new brain: SoccerTwos?team=1
[2m[36m(pid=1967779)[0m [INFO] Connected new brain: SoccerTwos?team=0
[2m[36m(pid=1967788)[0m [INFO] Connected new brain: SoccerTwos?team=1
[2m[36m(pid=1967788)[0m [INFO] Connected new brain: SoccerTwos?team=0
[2m[36m(pid=1967784)[0m [INFO] Connected new brain: SoccerTwos?team=1
[2m[36m(pid=1967784)[0m [INFO] Connected new brain: SoccerTwos?team=0
[2m[36m(pid=1967779)[0m [INFO] Connected to Unity environment with package version 2.1.0-exp.1 and communication version 1.5.0
[2m[36m(pid=1967773)[0m [INFO] Connected to Unity environment with package version 2.1.0-exp.1 and communication version 1.5.0
[2m[36m(pid=1967770)[0m [INFO] Connected to Unity environment with package version 2.1.0-exp.1 and communication version 1.5.0
[2m[36m(pid=1967788)[0m [INFO] Connected to Unity environment with package version 2.1.0-exp.1 and communication version 1.5.0
[2m[36m(pid=1967773)[0m [INFO] Connected new brain: SoccerTwos?team=1
[2m[36m(pid=1967773)[0m [INFO] Connected new brain: SoccerTwos?team=0
[2m[36m(pid=1967776)[0m [INFO] Connected to Unity environment with package version 2.1.0-exp.1 and communication version 1.5.0
[2m[36m(pid=1967779)[0m [INFO] Connected new brain: SoccerTwos?team=1
[2m[36m(pid=1967779)[0m [INFO] Connected new brain: SoccerTwos?team=0
[2m[36m(pid=1967784)[0m [INFO] Connected to Unity environment with package version 2.1.0-exp.1 and communication version 1.5.0
[2m[36m(pid=1967776)[0m [INFO] Connected new brain: SoccerTwos?team=1
[2m[36m(pid=1967776)[0m [INFO] Connected new brain: SoccerTwos?team=0
[2m[36m(pid=1967770)[0m [INFO] Connected new brain: SoccerTwos?team=1
[2m[36m(pid=1967770)[0m [INFO] Connected new brain: SoccerTwos?team=0
[2m[36m(pid=1967788)[0m [INFO] Connected new brain: SoccerTwos?team=1
[2m[36m(pid=1967788)[0m [INFO] Connected new brain: SoccerTwos?team=0
[2m[36m(pid=1967784)[0m [INFO] Connected new brain: SoccerTwos?team=1
[2m[36m(pid=1967784)[0m [INFO] Connected new brain: SoccerTwos?team=0
[2m[36m(pid=1967781)[0m [INFO] Connected to Unity environment with package version 2.1.0-exp.1 and communication version 1.5.0
[2m[36m(pid=1967781)[0m [INFO] Connected new brain: SoccerTwos?team=1
[2m[36m(pid=1967781)[0m [INFO] Connected new brain: SoccerTwos?team=0
[2m[36m(pid=1967779)[0m [INFO] Connected to Unity environment with package version 2.1.0-exp.1 and communication version 1.5.0
[2m[36m(pid=1967773)[0m [INFO] Connected to Unity environment with package version 2.1.0-exp.1 and communication version 1.5.0
[2m[36m(pid=1967779)[0m [INFO] Connected new brain: SoccerTwos?team=1
[2m[36m(pid=1967779)[0m [INFO] Connected new brain: SoccerTwos?team=0
[2m[36m(pid=1967788)[0m [INFO] Connected to Unity environment with package version 2.1.0-exp.1 and communication version 1.5.0
[2m[36m(pid=1967773)[0m [INFO] Connected new brain: SoccerTwos?team=1
[2m[36m(pid=1967773)[0m [INFO] Connected new brain: SoccerTwos?team=0
[2m[36m(pid=1967770)[0m [INFO] Connected to Unity environment with package version 2.1.0-exp.1 and communication version 1.5.0
[2m[36m(pid=1967784)[0m [INFO] Connected to Unity environment with package version 2.1.0-exp.1 and communication version 1.5.0
[2m[36m(pid=1967776)[0m [INFO] Connected to Unity environment with package version 2.1.0-exp.1 and communication version 1.5.0
[2m[36m(pid=1967788)[0m [INFO] Connected new brain: SoccerTwos?team=1
[2m[36m(pid=1967788)[0m [INFO] Connected new brain: SoccerTwos?team=0
[2m[36m(pid=1967776)[0m [INFO] Connected new brain: SoccerTwos?team=1
[2m[36m(pid=1967776)[0m [INFO] Connected new brain: SoccerTwos?team=0
[2m[36m(pid=1967770)[0m [INFO] Connected new brain: SoccerTwos?team=1
[2m[36m(pid=1967770)[0m [INFO] Connected new brain: SoccerTwos?team=0
[2m[36m(pid=1967784)[0m [INFO] Connected new brain: SoccerTwos?team=1
[2m[36m(pid=1967784)[0m [INFO] Connected new brain: SoccerTwos?team=0
[2m[36m(pid=1967788)[0m [INFO] Connected to Unity environment with package version 2.1.0-exp.1 and communication version 1.5.0
[2m[36m(pid=1967788)[0m [INFO] Connected new brain: SoccerTwos?team=1
[2m[36m(pid=1967788)[0m [INFO] Connected new brain: SoccerTwos?team=0
[2m[36m(pid=1967770)[0m [INFO] Connected to Unity environment with package version 2.1.0-exp.1 and communication version 1.5.0
[2m[36m(pid=1967784)[0m [INFO] Connected to Unity environment with package version 2.1.0-exp.1 and communication version 1.5.0
[2m[36m(pid=1967781)[0m [INFO] Connected to Unity environment with package version 2.1.0-exp.1 and communication version 1.5.0
[2m[36m(pid=1967770)[0m [INFO] Connected new brain: SoccerTwos?team=1
[2m[36m(pid=1967770)[0m [INFO] Connected new brain: SoccerTwos?team=0
[2m[36m(pid=1967781)[0m [INFO] Connected new brain: SoccerTwos?team=1
[2m[36m(pid=1967781)[0m [INFO] Connected new brain: SoccerTwos?team=0
[2m[36m(pid=1967779)[0m [INFO] Connected to Unity environment with package version 2.1.0-exp.1 and communication version 1.5.0
[2m[36m(pid=1967784)[0m [INFO] Connected new brain: SoccerTwos?team=1
[2m[36m(pid=1967784)[0m [INFO] Connected new brain: SoccerTwos?team=0
[2m[36m(pid=1967773)[0m [INFO] Connected to Unity environment with package version 2.1.0-exp.1 and communication version 1.5.0
[2m[36m(pid=1967779)[0m [INFO] Connected new brain: SoccerTwos?team=1
[2m[36m(pid=1967779)[0m [INFO] Connected new brain: SoccerTwos?team=0
[2m[36m(pid=1967773)[0m [INFO] Connected new brain: SoccerTwos?team=1
[2m[36m(pid=1967773)[0m [INFO] Connected new brain: SoccerTwos?team=0
[2m[36m(pid=1967776)[0m [INFO] Connected to Unity environment with package version 2.1.0-exp.1 and communication version 1.5.0
[2m[36m(pid=1967776)[0m [INFO] Connected new brain: SoccerTwos?team=1
[2m[36m(pid=1967776)[0m [INFO] Connected new brain: SoccerTwos?team=0
[2m[36m(pid=1967788)[0m [INFO] Connected to Unity environment with package version 2.1.0-exp.1 and communication version 1.5.0
[2m[36m(pid=1967788)[0m [INFO] Connected new brain: SoccerTwos?team=1
[2m[36m(pid=1967788)[0m [INFO] Connected new brain: SoccerTwos?team=0
[2m[36m(pid=1967781)[0m [INFO] Connected to Unity environment with package version 2.1.0-exp.1 and communication version 1.5.0
[2m[36m(pid=1967770)[0m [INFO] Connected to Unity environment with package version 2.1.0-exp.1 and communication version 1.5.0
[2m[36m(pid=1967770)[0m [INFO] Connected new brain: SoccerTwos?team=1
[2m[36m(pid=1967770)[0m [INFO] Connected new brain: SoccerTwos?team=0
[2m[36m(pid=1967781)[0m [INFO] Connected new brain: SoccerTwos?team=1
[2m[36m(pid=1967781)[0m [INFO] Connected new brain: SoccerTwos?team=0
[2m[36m(pid=1967779)[0m [INFO] Connected to Unity environment with package version 2.1.0-exp.1 and communication version 1.5.0
[2m[36m(pid=1967773)[0m [INFO] Connected to Unity environment with package version 2.1.0-exp.1 and communication version 1.5.0
[2m[36m(pid=1967779)[0m [INFO] Connected new brain: SoccerTwos?team=1
[2m[36m(pid=1967779)[0m [INFO] Connected new brain: SoccerTwos?team=0
[2m[36m(pid=1967773)[0m [INFO] Connected new brain: SoccerTwos?team=1
[2m[36m(pid=1967773)[0m [INFO] Connected new brain: SoccerTwos?team=0
[2m[36m(pid=1967776)[0m [INFO] Connected to Unity environment with package version 2.1.0-exp.1 and communication version 1.5.0
[2m[36m(pid=1967776)[0m [INFO] Connected new brain: SoccerTwos?team=1
[2m[36m(pid=1967776)[0m [INFO] Connected new brain: SoccerTwos?team=0
[2m[36m(pid=1967784)[0m [INFO] Connected to Unity environment with package version 2.1.0-exp.1 and communication version 1.5.0
[2m[36m(pid=1967784)[0m [INFO] Connected new brain: SoccerTwos?team=1
[2m[36m(pid=1967784)[0m [INFO] Connected new brain: SoccerTwos?team=0
[2m[36m(pid=1967781)[0m [INFO] Connected to Unity environment with package version 2.1.0-exp.1 and communication version 1.5.0
Result for PPO_Soccer_0c116_00000:
  {}
  
[2m[36m(pid=1967781)[0m [INFO] Connected new brain: SoccerTwos?team=1
[2m[36m(pid=1967781)[0m [INFO] Connected new brain: SoccerTwos?team=0
== Status ==
Memory usage on this node: 18.7/187.1 GiB
Using FIFO scheduling algorithm.
Resources requested: 0/24 CPUs, 0/0 GPUs, 0.0/113.29 GiB heap, 0.0/52.54 GiB objects
Result logdir: /storage/ice1/4/7/hhu349/soccer-twos-starter/ray_results/PPO_1
Number of trials: 1/1 (1 ERROR)
+------------------------+----------+-------+
| Trial name             | status   | loc   |
|------------------------+----------+-------|
| PPO_Soccer_0c116_00000 | ERROR    |       |
+------------------------+----------+-------+
Number of errored trials: 1
+------------------------+--------------+-----------------------------------------------------------------------------------------------------------------------+
| Trial name             |   # failures | error file                                                                                                            |
|------------------------+--------------+-----------------------------------------------------------------------------------------------------------------------|
| PPO_Soccer_0c116_00000 |            1 | /storage/ice1/4/7/hhu349/soccer-twos-starter/ray_results/PPO_1/PPO_Soccer_0c116_00000_0_2026-04-16_01-20-57/error.txt |
+------------------------+--------------+-----------------------------------------------------------------------------------------------------------------------+

== Status ==
Memory usage on this node: 18.7/187.1 GiB
Using FIFO scheduling algorithm.
Resources requested: 0/24 CPUs, 0/0 GPUs, 0.0/113.29 GiB heap, 0.0/52.54 GiB objects
Result logdir: /storage/ice1/4/7/hhu349/soccer-twos-starter/ray_results/PPO_1
Number of trials: 1/1 (1 ERROR)
+------------------------+----------+-------+
| Trial name             | status   | loc   |
|------------------------+----------+-------|
| PPO_Soccer_0c116_00000 | ERROR    |       |
+------------------------+----------+-------+
Number of errored trials: 1
+------------------------+--------------+-----------------------------------------------------------------------------------------------------------------------+
| Trial name             |   # failures | error file                                                                                                            |
|------------------------+--------------+-----------------------------------------------------------------------------------------------------------------------|
| PPO_Soccer_0c116_00000 |            1 | /storage/ice1/4/7/hhu349/soccer-twos-starter/ray_results/PPO_1/PPO_Soccer_0c116_00000_0_2026-04-16_01-20-57/error.txt |
+------------------------+--------------+-----------------------------------------------------------------------------------------------------------------------+

Traceback (most recent call last):
  File "example_ray_team_vs_random.py", line 26, in <module>
    analysis = tune.run(
  File "/home/hice1/hhu349/.conda/envs/soccertwos/lib/python3.8/site-packages/ray/tune/tune.py", line 543, in run
    raise TuneError("Trials did not complete", incomplete_trials)
ray.tune.error.TuneError: ('Trials did not complete', [PPO_Soccer_0c116_00000])
---------------------------------------
Begin Slurm Epilog: Apr-16-2026 01:21:18
Job ID:        4895816
User ID:       hhu349
Account:       ece
Job name:      soccerstwos
Resources:     cpu=32,mem=192G,node=4
Rsrc Used:     cput=00:27:12,vmem=0,walltime=00:00:51,mem=5897320K,energy_used=0
Partition:     pace-cpu
QOS:           coe-ice
Nodes:         atl1-1-03-007-26-[1-2],atl1-1-03-007-27-[1-2]
---------------------------------------
